<?xml version="1.0" encoding="UTF-8"?>
<!-- Generated by org.testng.reporters.JUnitXMLReporter -->
<testsuite ignored="0" hostname="DESKTOP-9JGR4CH" failures="0" tests="6" name="Surefire test" time="31.183" errors="0" timestamp="2025-11-20T18:05:14 IST">
  <testcase classname="api.tests.DDTests" name="testPostuser" time="8.197"/>
  <testcase classname="api.tests.DDTests" name="testPostuser" time="2.976"/>
  <testcase classname="api.tests.DDTests" name="testPostuser" time="3.115"/>
  <testcase classname="api.tests.DDTests" name="testDeleteUserByName" time="5.298"/>
  <testcase classname="api.tests.DDTests" name="testDeleteUserByName" time="3.015"/>
  <testcase classname="api.tests.DDTests" name="testDeleteUserByName" time="6.451"/>
</testsuite> <!-- Surefire test -->
