<?xml version="1.0" encoding="UTF-8"?>
<!-- Generated by org.testng.reporters.JUnitXMLReporter -->
<testsuite ignored="0" hostname="DESKTOP-9JGR4CH" failures="0" tests="6" name="Default test" time="13.128" errors="0" timestamp="2025-11-20T10:28:13 IST">
  <testcase classname="api.tests.DDTests" name="testPostuser" time="4.16"/>
  <testcase classname="api.tests.DDTests" name="testPostuser" time="1.667"/>
  <testcase classname="api.tests.DDTests" name="testPostuser" time="1.603"/>
  <testcase classname="api.tests.DDTests" name="testDeleteUserByName" time="1.659"/>
  <testcase classname="api.tests.DDTests" name="testDeleteUserByName" time="1.498"/>
  <testcase classname="api.tests.DDTests" name="testDeleteUserByName" time="1.569"/>
</testsuite> <!-- Default test -->
