<?xml version="1.0" encoding="UTF-8"?>
<testsuite xmlns:xsi="http://www.w3.org/2001/XMLSchema-instance" xsi:noNamespaceSchemaLocation="https://maven.apache.org/surefire/maven-surefire-plugin/xsd/surefire-test-report.xsd" version="3.0.2" name="api.tests.DDTests" time="31.67" tests="6" errors="0" skipped="0" failures="0">
  <properties>
[...]
</properties>
  <testcase name="testPostuser[1010, testuser1, John, Canedy, john@gmail.com, test@1, 9876543210](1)" classname="api.tests.DDTests" time="8.199">
    <system-err><![CDATA[SLF4J(W): No SLF4J providers were found.
SLF4J(W): Defaulting to no-operation (NOP) logger implementation
SLF4J(W): See https://www.slf4j.org/codes.html#noProviders for further details.
]]></system-err>
  </testcase>
  <testcase name="testPostuser[1020, testuser2, Kim, Toim, Kim@gmail.com, test@2, 9876543211](2)" classname="api.tests.DDTests" time="2.974"/>
  <testcase name="testPostuser[1030, testuser3, Smith, Steve, smith@gmail.com, test@3, 3244334343](3)" classname="api.tests.DDTests" time="3.112"/>
  <testcase name="testDeleteUserByName[testuser1](1)" classname="api.tests.DDTests" time="5.304"/>
  <testcase name="testDeleteUserByName[testuser2](2)" classname="api.tests.DDTests" time="3.01"/>
  <testcase name="testDeleteUserByName[testuser3](3)" classname="api.tests.DDTests" time="6.453"/>
</testsuite>