<?xml version="1.0" encoding="UTF-8"?>
<!-- Generated by org.testng.reporters.JUnitReportReporter -->
<testsuite hostname="DESKTOP-9JGR4CH" failures="0" tests="6" name="api.tests.DDTests" time="29.052" errors="0" timestamp="2025-11-20T18:05:15 IST" skipped="0">
  <testcase classname="api.tests.DDTests" name="testPostuser" time="8.197"/>
  <testcase classname="api.tests.DDTests" name="testPostuser" time="2.976"/>
  <testcase classname="api.tests.DDTests" name="testPostuser" time="3.115"/>
  <testcase classname="api.tests.DDTests" name="testDeleteUserByName" time="3.015"/>
  <testcase classname="api.tests.DDTests" name="testDeleteUserByName" time="6.451"/>
  <testcase classname="api.tests.DDTests" name="testDeleteUserByName" time="5.298"/>
</testsuite> <!-- api.tests.DDTests -->
