<?xml version="1.0" encoding="UTF-8"?>
<!-- Generated by org.testng.reporters.JUnitXMLReporter -->
<testsuite ignored="0" hostname="DESKTOP-9JGR4CH" failures="0" tests="6" name="PetTest" time="13.546" errors="0" timestamp="2025-11-20T11:47:39 IST">
  <testcase classname="api.tests.DDTests" name="testPostuser" time="3.886"/>
  <testcase classname="api.tests.DDTests" name="testPostuser" time="1.623"/>
  <testcase classname="api.tests.DDTests" name="testPostuser" time="1.533"/>
  <testcase classname="api.tests.DDTests" name="testDeleteUserByName" time="1.648"/>
  <testcase classname="api.tests.DDTests" name="testDeleteUserByName" time="1.536"/>
  <testcase classname="api.tests.DDTests" name="testDeleteUserByName" time="1.532"/>
</testsuite> <!-- PetTest -->
